Watching for file changes with StatReloader
Not Found: /
"GET / HTTP/1.1" 404 2305
Not Found: /favicon.ico
"GET /favicon.ico HTTP/1.1" 404 2356
"OPTIONS /api/login/ HTTP/1.1" 200 0
Unauthorized: /api/login/
"POST /api/login/ HTTP/1.1" 401 71
Watching for file changes with StatReloader
"POST /api/login/ HTTP/1.1" 200 542
"POST /api/login/ HTTP/1.1" 200 542
"POST /api/login/ HTTP/1.1" 200 542
"POST /api/login/ HTTP/1.1" 200 542
Unauthorized: /api/login/
"POST /api/login/ HTTP/1.1" 401 71
Unauthorized: /api/login/
"POST /api/login/ HTTP/1.1" 401 71
"POST /api/login/ HTTP/1.1" 200 542
Watching for file changes with StatReloader
"POST /api/login/ HTTP/1.1" 200 542
"POST /api/login/ HTTP/1.1" 200 542
Unauthorized: /api/login/
"POST /api/login/ HTTP/1.1" 401 71
"GET /admin/ HTTP/1.1" 302 0
"GET /admin/login/?next=/admin/ HTTP/1.1" 200 4241
"GET /static/admin/css/login.css HTTP/1.1" 200 951
"GET /static/admin/css/base.css HTTP/1.1" 200 22120
"GET /static/admin/css/dark_mode.css HTTP/1.1" 200 2808
"GET /static/admin/css/nav_sidebar.css HTTP/1.1" 200 2810
"GET /static/admin/css/responsive.css HTTP/1.1" 200 16565
"GET /static/admin/js/theme.js HTTP/1.1" 200 1653
"GET /static/admin/js/nav_sidebar.js HTTP/1.1" 200 3063
"POST /admin/login/?next=/admin/ HTTP/1.1" 302 0
"GET /admin/ HTTP/1.1" 200 5623
"GET /static/admin/css/dashboard.css HTTP/1.1" 200 441
"GET /static/admin/img/icon-addlink.svg HTTP/1.1" 200 331
"GET /static/admin/img/icon-changelink.svg HTTP/1.1" 200 380
"GET /admin/auth/group/ HTTP/1.1" 200 7448
"GET /static/admin/css/changelists.css HTTP/1.1" 200 6878
"GET /static/admin/js/jquery.init.js HTTP/1.1" 200 347
"GET /static/admin/js/core.js HTTP/1.1" 200 6208
"GET /static/admin/js/admin/RelatedObjectLookups.js HTTP/1.1" 200 9777
"GET /static/admin/js/actions.js HTTP/1.1" 200 8076
"GET /static/admin/js/urlify.js HTTP/1.1" 200 7887
"GET /static/admin/js/prepopulate.js HTTP/1.1" 200 1531
"GET /static/admin/js/vendor/jquery/jquery.js HTTP/1.1" 200 285314
"GET /static/admin/img/search.svg HTTP/1.1" 200 458
"GET /static/admin/js/vendor/xregexp/xregexp.js HTTP/1.1" 200 325171
"GET /static/admin/js/filters.js HTTP/1.1" 200 978
"GET /admin/jsi18n/ HTTP/1.1" 200 8691
"GET /static/admin/img/tooltag-add.svg HTTP/1.1" 200 331
"GET /admin/auth/ HTTP/1.1" 200 5638
"GET /admin/auth/group/ HTTP/1.1" 200 7448
- Broken pipe from ('127.0.0.1', 54886)
"GET /admin/login/?next=/admin/ HTTP/1.1" 302 0
"GET /admin/ HTTP/1.1" 200 5623
Not Found: /
"GET / HTTP/1.1" 404 2305
"GET /admin/ HTTP/1.1" 200 5623
"GET /admin/password_change/ HTTP/1.1" 200 7220
"GET /static/admin/css/forms.css HTTP/1.1" 200 8525
"GET /static/admin/css/widgets.css HTTP/1.1" 200 11991
"GET /admin/ HTTP/1.1" 200 5623
"POST /admin/logout/ HTTP/1.1" 200 3625
"GET /admin/ HTTP/1.1" 302 0
"GET /admin/login/?next=/admin/ HTTP/1.1" 200 4241
"POST /admin/login/?next=/admin/ HTTP/1.1" 200 4449
"POST /admin/login/?next=/admin/ HTTP/1.1" 200 4449
"POST /api/login/ HTTP/1.1" 200 542
Unauthorized: /api/login/
"POST /api/login/ HTTP/1.1" 401 71
Unauthorized: /api/login/
"POST /api/login/ HTTP/1.1" 401 71
"POST /api/login/ HTTP/1.1" 200 542
"POST /api/login/ HTTP/1.1" 200 542
"POST /api/login/ HTTP/1.1" 200 542
C:\Users\Saint.X\Proyectos_fronted\proyecto_seminario2025\backend\authentication\migrations\0001_initial.py changed, reloading.
Watching for file changes with StatReloader
Watching for file changes with StatReloader
Not Found: /
"GET / HTTP/1.1" 404 2305
"GET /admin/ HTTP/1.1" 302 0
"GET /admin/login/?next=/admin/ HTTP/1.1" 200 4241
"GET /static/admin/css/base.css HTTP/1.1" 304 0
"GET /static/admin/css/dark_mode.css HTTP/1.1" 304 0
"GET /static/admin/css/nav_sidebar.css HTTP/1.1" 304 0
"GET /static/admin/css/login.css HTTP/1.1" 304 0
"GET /static/admin/js/theme.js HTTP/1.1" 304 0
"GET /static/admin/css/responsive.css HTTP/1.1" 304 0
"GET /static/admin/js/nav_sidebar.js HTTP/1.1" 304 0
Watching for file changes with StatReloader
Unauthorized: /api/login/
"POST /api/login/ HTTP/1.1" 401 71
"POST /api/login/ HTTP/1.1" 200 541
"GET /admin/ HTTP/1.1" 302 0
"GET /admin/login/?next=/admin/ HTTP/1.1" 200 4241
"GET /static/admin/css/base.css HTTP/1.1" 304 0
"GET /static/admin/css/nav_sidebar.css HTTP/1.1" 304 0
"GET /static/admin/css/dark_mode.css HTTP/1.1" 304 0
"GET /static/admin/css/responsive.css HTTP/1.1" 304 0
"GET /static/admin/css/login.css HTTP/1.1" 304 0
"GET /static/admin/js/theme.js HTTP/1.1" 304 0
"GET /static/admin/js/nav_sidebar.js HTTP/1.1" 304 0
"POST /admin/login/?next=/admin/ HTTP/1.1" 200 4449
"POST /admin/login/?next=/admin/ HTTP/1.1" 302 0
"GET /admin/ HTTP/1.1" 200 5623
"GET /static/admin/css/dashboard.css HTTP/1.1" 304 0
"GET /static/admin/img/icon-changelink.svg HTTP/1.1" 304 0
"GET /static/admin/img/icon-addlink.svg HTTP/1.1" 304 0
"GET /admin/ HTTP/1.1" 200 5623
Not Found: /
"GET / HTTP/1.1" 404 2305
"GET /admin/ HTTP/1.1" 200 5623
"GET /admin/auth/group/ HTTP/1.1" 200 7448
"GET /static/admin/css/changelists.css HTTP/1.1" 304 0
"GET /static/admin/js/core.js HTTP/1.1" 304 0
"GET /static/admin/js/vendor/jquery/jquery.js HTTP/1.1" 304 0
"GET /static/admin/js/jquery.init.js HTTP/1.1" 304 0
"GET /static/admin/js/admin/RelatedObjectLookups.js HTTP/1.1" 304 0
"GET /static/admin/js/actions.js HTTP/1.1" 304 0
"GET /static/admin/js/urlify.js HTTP/1.1" 304 0
"GET /static/admin/js/prepopulate.js HTTP/1.1" 304 0
"GET /static/admin/js/vendor/xregexp/xregexp.js HTTP/1.1" 304 0
"GET /static/admin/img/search.svg HTTP/1.1" 304 0
"GET /static/admin/js/filters.js HTTP/1.1" 304 0
"GET /admin/jsi18n/ HTTP/1.1" 200 8691
"GET /static/admin/img/tooltag-add.svg HTTP/1.1" 304 0
"GET /admin/ HTTP/1.1" 200 5623
C:\Users\Saint.X\Proyectos_fronted\proyecto_seminario2025\backend\authentication\admin.py changed, reloading.
Watching for file changes with StatReloader
C:\Users\Saint.X\Proyectos_fronted\proyecto_seminario2025\backend\authentication\admin.py changed, reloading.
Watching for file changes with StatReloader
Unauthorized: /api/login/
"POST /api/login/ HTTP/1.1" 401 71
"POST /api/login/ HTTP/1.1" 200 541
"GET /admin/ HTTP/1.1" 200 8775
"GET /admin/authentication/equipment/ HTTP/1.1" 200 12257
"GET /static/admin/css/forms.css HTTP/1.1" 304 0
"GET /static/admin/css/widgets.css HTTP/1.1" 304 0
"GET /admin/jsi18n/ HTTP/1.1" 200 8691
"GET /static/admin/img/icon-viewlink.svg HTTP/1.1" 200 581
"GET /admin/authentication/event/ HTTP/1.1" 200 12160
"GET /admin/jsi18n/ HTTP/1.1" 200 8691
"GET /admin/authentication/occupieddate/ HTTP/1.1" 200 11915
"GET /admin/jsi18n/ HTTP/1.1" 200 8691
"GET /admin/authentication/user/ HTTP/1.1" 200 15537
"GET /static/admin/img/icon-yes.svg HTTP/1.1" 200 436
"GET /admin/jsi18n/ HTTP/1.1" 200 8691
"GET /static/admin/img/sorting-icons.svg HTTP/1.1" 200 1097
"GET /admin/authentication/user/add/ HTTP/1.1" 200 17556
"GET /static/admin/js/prepopulate_init.js HTTP/1.1" 200 586
"GET /static/admin/css/unusable_password_field.css HTTP/1.1" 200 663
"GET /static/admin/js/change_form.js HTTP/1.1" 200 606
"GET /static/admin/js/unusable_password_field.js HTTP/1.1" 200 1480
"GET /admin/jsi18n/ HTTP/1.1" 200 8691
"GET /admin/authentication/equipment/ HTTP/1.1" 200 12257
"GET /admin/jsi18n/ HTTP/1.1" 200 8691
"GET /admin/authentication/equipment/add/ HTTP/1.1" 200 14020
"GET /admin/jsi18n/ HTTP/1.1" 200 8691
"GET /admin/authentication/event/ HTTP/1.1" 200 12160
"GET /admin/jsi18n/ HTTP/1.1" 200 8691
"GET /admin/authentication/event/?status__exact=pending HTTP/1.1" 200 12634
"GET /admin/jsi18n/ HTTP/1.1" 200 8691
"GET /admin/authentication/event/?status__exact=in_progress HTTP/1.1" 200 12686
"GET /admin/jsi18n/ HTTP/1.1" 200 8691
"GET /admin/authentication/event/? HTTP/1.1" 200 12160
"GET /admin/jsi18n/ HTTP/1.1" 200 8691
C:\Users\Saint.X\Proyectos_fronted\proyecto_seminario2025\backend\authentication\admin.py changed, reloading.
Watching for file changes with StatReloader
Watching for file changes with StatReloader
C:\Users\Saint.X\Proyectos_fronted\proyecto_seminario2025\backend\authentication\admin.py changed, reloading.
Watching for file changes with StatReloader
C:\Users\Saint.X\Proyectos_fronted\proyecto_seminario2025\backend\authentication\models.py changed, reloading.
Watching for file changes with StatReloader
C:\Users\Saint.X\Proyectos_fronted\proyecto_seminario2025\backend\authentication\models.py changed, reloading.
Watching for file changes with StatReloader
C:\Users\Saint.X\Proyectos_fronted\proyecto_seminario2025\backend\authentication\models.py changed, reloading.
Watching for file changes with StatReloader
C:\Users\Saint.X\Proyectos_fronted\proyecto_seminario2025\backend\authentication\admin.py changed, reloading.
Watching for file changes with StatReloader
C:\Users\Saint.X\Proyectos_fronted\proyecto_seminario2025\backend\authentication\admin.py changed, reloading.
Watching for file changes with StatReloader
C:\Users\Saint.X\Proyectos_fronted\proyecto_seminario2025\backend\authentication\models.py changed, reloading.
Watching for file changes with StatReloader
C:\Users\Saint.X\Proyectos_fronted\proyecto_seminario2025\backend\authentication\models.py changed, reloading.
Watching for file changes with StatReloader
C:\Users\Saint.X\Proyectos_fronted\proyecto_seminario2025\backend\authentication\models.py changed, reloading.
Watching for file changes with StatReloader
C:\Users\Saint.X\Proyectos_fronted\proyecto_seminario2025\backend\backend\settings.py changed, reloading.
Watching for file changes with StatReloader
C:\Users\Saint.X\Proyectos_fronted\proyecto_seminario2025\backend\backend\settings.py changed, reloading.
